# JRE version: OpenJDK Runtime Environment (8.0_181-b13) (build 1.8.0_181-8u181-b13-0ubuntu0.16.04.1-b13)
# Java VM: OpenJDK 64-Bit Server VM (25.181-b13 mixed mode linux-amd64 compressed oops)
Heap:
 PSYoungGen      total 66560K, used 6124K [0x00000000ecd00000, 0x00000000f1500000, 0x0000000100000000)
  eden space 60416K, 0% used [0x00000000ecd00000,0x00000000ecd00000,0x00000000f0800000)
  from space 6144K, 99% used [0x00000000f0800000,0x00000000f0dfb338,0x00000000f0e00000)
  to   space 5120K, 0% used [0x00000000f0e00000,0x00000000f0e00000,0x00000000f1300000)
 ParOldGen       total 39936K, used 8560K [0x00000000c6600000, 0x00000000c8d00000, 0x00000000ecd00000)
  object space 39936K, 21% used [0x00000000c6600000,0x00000000c6e5c220,0x00000000c8d00000)
 Metaspace       used 19840K, capacity 20036K, committed 20352K, reserved 1067008K
  class space    used 2338K, capacity 2404K, committed 2432K, reserved 1048576K
GC Heap History (10 events):
Event: 1,300 GC heap after
Heap after GC invocations=2 (full 0):
 PSYoungGen      total 17408K, used 2027K [0x00000000ecd00000, 0x00000000ee000000, 0x0000000100000000)
  eden space 15360K, 0% used [0x00000000ecd00000,0x00000000ecd00000,0x00000000edc00000)
  from space 2048K, 98% used [0x00000000ede00000,0x00000000edffacd0,0x00000000ee000000)
  to   space 2048K, 0% used [0x00000000edc00000,0x00000000edc00000,0x00000000ede00000)
 ParOldGen       total 39936K, used 587K [0x00000000c6600000, 0x00000000c8d00000, 0x00000000ecd00000)
  object space 39936K, 1% used [0x00000000c6600000,0x00000000c6692e58,0x00000000c8d00000)
 Metaspace       used 7177K, capacity 7234K, committed 7296K, reserved 1056768K
  class space    used 829K, capacity 851K, committed 896K, reserved 1048576K
}
Event: 1,519 GC heap before
{Heap before GC invocations=3 (full 0):
 PSYoungGen      total 17408K, used 17387K [0x00000000ecd00000, 0x00000000ee000000, 0x0000000100000000)
  eden space 15360K, 100% used [0x00000000ecd00000,0x00000000edc00000,0x00000000edc00000)
  from space 2048K, 98% used [0x00000000ede00000,0x00000000edffacd0,0x00000000ee000000)
  to   space 2048K, 0% used [0x00000000edc00000,0x00000000edc00000,0x00000000ede00000)
 ParOldGen       total 39936K, used 587K [0x00000000c6600000, 0x00000000c8d00000, 0x00000000ecd00000)
  object space 39936K, 1% used [0x00000000c6600000,0x00000000c6692e58,0x00000000c8d00000)
 Metaspace       used 8401K, capacity 8514K, committed 8832K, reserved 1056768K
  class space    used 1002K, capacity 1043K, committed 1152K, reserved 1048576K
Event: 1,532 GC heap after
Heap after GC invocations=3 (full 0):
 PSYoungGen      total 17408K, used 2041K [0x00000000ecd00000, 0x00000000eef00000, 0x0000000100000000)
  eden space 15360K, 0% used [0x00000000ecd00000,0x00000000ecd00000,0x00000000edc00000)
  from space 2048K, 99% used [0x00000000edc00000,0x00000000eddfe6d0,0x00000000ede00000)
  to   space 2048K, 0% used [0x00000000eed00000,0x00000000eed00000,0x00000000eef00000)
 ParOldGen       total 39936K, used 1158K [0x00000000c6600000, 0x00000000c8d00000, 0x00000000ecd00000)
  object space 39936K, 2% used [0x00000000c6600000,0x00000000c6721ba0,0x00000000c8d00000)
 Metaspace       used 8401K, capacity 8514K, committed 8832K, reserved 1056768K
  class space    used 1002K, capacity 1043K, committed 1152K, reserved 1048576K
}
Event: 1,722 GC heap before
{Heap before GC invocations=4 (full 0):
 PSYoungGen      total 17408K, used 17372K [0x00000000ecd00000, 0x00000000eef00000, 0x0000000100000000)
  eden space 15360K, 99% used [0x00000000ecd00000,0x00000000edbf8cd8,0x00000000edc00000)
  from space 2048K, 99% used [0x00000000edc00000,0x00000000eddfe6d0,0x00000000ede00000)
  to   space 2048K, 0% used [0x00000000eed00000,0x00000000eed00000,0x00000000eef00000)
 ParOldGen       total 39936K, used 1192K [0x00000000c6600000, 0x00000000c8d00000, 0x00000000ecd00000)
  object space 39936K, 2% used [0x00000000c6600000,0x00000000c672a360,0x00000000c8d00000)
 Metaspace       used 10078K, capacity 10178K, committed 10240K, reserved 1058816K
  class space    used 1224K, capacity 1235K, committed 1280K, reserved 1048576K
Event: 1,727 GC heap after
Heap after GC invocations=4 (full 0):
 PSYoungGen      total 32768K, used 2025K [0x00000000ecd00000, 0x00000000eef00000, 0x0000000100000000)
  eden space 30720K, 0% used [0x00000000ecd00000,0x00000000ecd00000,0x00000000eeb00000)
  from space 2048K, 98% used [0x00000000eed00000,0x00000000eeefa6e0,0x00000000eef00000)
  to   space 2048K, 0% used [0x00000000eeb00000,0x00000000eeb00000,0x00000000eed00000)
 ParOldGen       total 39936K, used 2525K [0x00000000c6600000, 0x00000000c8d00000, 0x00000000ecd00000)
  object space 39936K, 6% used [0x00000000c6600000,0x00000000c6877670,0x00000000c8d00000)
 Metaspace       used 10078K, capacity 10178K, committed 10240K, reserved 1058816K
  class space    used 1224K, capacity 1235K, committed 1280K, reserved 1048576K
}
Event: 2,020 GC heap before
{Heap before GC invocations=5 (full 0):
 PSYoungGen      total 32768K, used 32745K [0x00000000ecd00000, 0x00000000eef00000, 0x0000000100000000)
  eden space 30720K, 100% used [0x00000000ecd00000,0x00000000eeb00000,0x00000000eeb00000)
  from space 2048K, 98% used [0x00000000eed00000,0x00000000eeefa6e0,0x00000000eef00000)
  to   space 2048K, 0% used [0x00000000eeb00000,0x00000000eeb00000,0x00000000eed00000)
 ParOldGen       total 39936K, used 2531K [0x00000000c6600000, 0x00000000c8d00000, 0x00000000ecd00000)
  object space 39936K, 6% used [0x00000000c6600000,0x00000000c6878ec8,0x00000000c8d00000)
 Metaspace       used 13235K, capacity 13320K, committed 13440K, reserved 1060864K
  class space    used 1582K, capacity 1620K, committed 1664K, reserved 1048576K
Event: 2,034 GC heap after
Heap after GC invocations=5 (full 0):
 PSYoungGen      total 32768K, used 2037K [0x00000000ecd00000, 0x00000000f1300000, 0x0000000100000000)
  eden space 30720K, 0% used [0x00000000ecd00000,0x00000000ecd00000,0x00000000eeb00000)
  from space 2048K, 99% used [0x00000000eeb00000,0x00000000eecfd5b0,0x00000000eed00000)
  to   space 5120K, 0% used [0x00000000f0e00000,0x00000000f0e00000,0x00000000f1300000)
 ParOldGen       total 39936K, used 5798K [0x00000000c6600000, 0x00000000c8d00000, 0x00000000ecd00000)
  object space 39936K, 14% used [0x00000000c6600000,0x00000000c6ba9828,0x00000000c8d00000)
 Metaspace       used 13235K, capacity 13320K, committed 13440K, reserved 1060864K
  class space    used 1582K, capacity 1620K, committed 1664K, reserved 1048576K
}
Event: 2,666 GC heap before
{Heap before GC invocations=6 (full 0):
 PSYoungGen      total 32768K, used 32757K [0x00000000ecd00000, 0x00000000f1300000, 0x0000000100000000)
  eden space 30720K, 100% used [0x00000000ecd00000,0x00000000eeb00000,0x00000000eeb00000)
  from space 2048K, 99% used [0x00000000eeb00000,0x00000000eecfd5b0,0x00000000eed00000)
  to   space 5120K, 0% used [0x00000000f0e00000,0x00000000f0e00000,0x00000000f1300000)
 ParOldGen       total 39936K, used 5798K [0x00000000c6600000, 0x00000000c8d00000, 0x00000000ecd00000)
  object space 39936K, 14% used [0x00000000c6600000,0x00000000c6ba9828,0x00000000c8d00000)
 Metaspace       used 16644K, capacity 16844K, committed 16896K, reserved 1064960K
  class space    used 1978K, capacity 2026K, committed 2048K, reserved 1048576K
Event: 2,676 GC heap after
Heap after GC invocations=6 (full 0):
 PSYoungGen      total 65536K, used 5104K [0x00000000ecd00000, 0x00000000f1500000, 0x0000000100000000)
  eden space 60416K, 0% used [0x00000000ecd00000,0x00000000ecd00000,0x00000000f0800000)
  from space 5120K, 99% used [0x00000000f0e00000,0x00000000f12fc268,0x00000000f1300000)
  to   space 6144K, 0% used [0x00000000f0800000,0x00000000f0800000,0x00000000f0e00000)
 ParOldGen       total 39936K, used 5895K [0x00000000c6600000, 0x00000000c8d00000, 0x00000000ecd00000)
  object space 39936K, 14% used [0x00000000c6600000,0x00000000c6bc1ef8,0x00000000c8d00000)
 Metaspace       used 16644K, capacity 16844K, committed 16896K, reserved 1064960K
  class space    used 1978K, capacity 2026K, committed 2048K, reserved 1048576K
}
Event: 3,493 GC heap before
{Heap before GC invocations=7 (full 0):
 PSYoungGen      total 65536K, used 65520K [0x00000000ecd00000, 0x00000000f1500000, 0x0000000100000000)
  eden space 60416K, 100% used [0x00000000ecd00000,0x00000000f0800000,0x00000000f0800000)
  from space 5120K, 99% used [0x00000000f0e00000,0x00000000f12fc268,0x00000000f1300000)
  to   space 6144K, 0% used [0x00000000f0800000,0x00000000f0800000,0x00000000f0e00000)
 ParOldGen       total 39936K, used 5895K [0x00000000c6600000, 0x00000000c8d00000, 0x00000000ecd00000)
  object space 39936K, 14% used [0x00000000c6600000,0x00000000c6bc1ef8,0x00000000c8d00000)
 Metaspace       used 19840K, capacity 20036K, committed 20352K, reserved 1067008K
  class space    used 2338K, capacity 2404K, committed 2432K, reserved 1048576K

