# JRE version: OpenJDK Runtime Environment (8.0_181-b13) (build 1.8.0_181-8u181-b13-0ubuntu0.16.04.1-b13)
# Java VM: OpenJDK 64-Bit Server VM (25.181-b13 mixed mode linux-amd64 compressed oops)
Heap:
 PSYoungGen      total 67072K, used 6649K [0x00000000eab00000, 0x00000000ef400000, 0x0000000100000000)
  eden space 60416K, 0% used [0x00000000eab00000,0x00000000eab00000,0x00000000ee600000)
  from space 6656K, 99% used [0x00000000ee600000,0x00000000eec7e450,0x00000000eec80000)
  to   space 5632K, 0% used [0x00000000eec80000,0x00000000eec80000,0x00000000ef200000)
 ParOldGen       total 39936K, used 9282K [0x00000000c0000000, 0x00000000c2700000, 0x00000000eab00000)
  object space 39936K, 23% used [0x00000000c0000000,0x00000000c0910878,0x00000000c2700000)
 Metaspace       used 20724K, capacity 21034K, committed 21248K, reserved 1067008K
  class space    used 2876K, capacity 3007K, committed 3072K, reserved 1048576K
GC Heap History (10 events):
Event: 0,854 GC heap after
Heap after GC invocations=2 (full 0):
 PSYoungGen      total 17408K, used 2017K [0x00000000eab00000, 0x00000000ecd00000, 0x0000000100000000)
  eden space 15360K, 0% used [0x00000000eab00000,0x00000000eab00000,0x00000000eba00000)
  from space 2048K, 98% used [0x00000000ebc00000,0x00000000ebdf85a0,0x00000000ebe00000)
  to   space 2048K, 0% used [0x00000000eba00000,0x00000000eba00000,0x00000000ebc00000)
 ParOldGen       total 39936K, used 1206K [0x00000000c0000000, 0x00000000c2700000, 0x00000000eab00000)
  object space 39936K, 3% used [0x00000000c0000000,0x00000000c012d968,0x00000000c2700000)
 Metaspace       used 6883K, capacity 7024K, committed 7296K, reserved 1056768K
  class space    used 832K, capacity 876K, committed 896K, reserved 1048576K
}
Event: 1,090 GC heap before
{Heap before GC invocations=3 (full 0):
 PSYoungGen      total 17408K, used 17377K [0x00000000eab00000, 0x00000000ecd00000, 0x0000000100000000)
  eden space 15360K, 100% used [0x00000000eab00000,0x00000000eba00000,0x00000000eba00000)
  from space 2048K, 98% used [0x00000000ebc00000,0x00000000ebdf85a0,0x00000000ebe00000)
  to   space 2048K, 0% used [0x00000000eba00000,0x00000000eba00000,0x00000000ebc00000)
 ParOldGen       total 39936K, used 1206K [0x00000000c0000000, 0x00000000c2700000, 0x00000000eab00000)
  object space 39936K, 3% used [0x00000000c0000000,0x00000000c012d968,0x00000000c2700000)
 Metaspace       used 7086K, capacity 7210K, committed 7424K, reserved 1056768K
  class space    used 866K, capacity 917K, committed 1024K, reserved 1048576K
Event: 1,094 GC heap after
Heap after GC invocations=3 (full 0):
 PSYoungGen      total 17408K, used 2032K [0x00000000eab00000, 0x00000000ecd00000, 0x0000000100000000)
  eden space 15360K, 0% used [0x00000000eab00000,0x00000000eab00000,0x00000000eba00000)
  from space 2048K, 99% used [0x00000000eba00000,0x00000000ebbfc010,0x00000000ebc00000)
  to   space 2048K, 0% used [0x00000000ecb00000,0x00000000ecb00000,0x00000000ecd00000)
 ParOldGen       total 39936K, used 1914K [0x00000000c0000000, 0x00000000c2700000, 0x00000000eab00000)
  object space 39936K, 4% used [0x00000000c0000000,0x00000000c01de828,0x00000000c2700000)
 Metaspace       used 7086K, capacity 7210K, committed 7424K, reserved 1056768K
  class space    used 866K, capacity 917K, committed 1024K, reserved 1048576K
}
Event: 1,355 GC heap before
{Heap before GC invocations=4 (full 0):
 PSYoungGen      total 17408K, used 17392K [0x00000000eab00000, 0x00000000ecd00000, 0x0000000100000000)
  eden space 15360K, 100% used [0x00000000eab00000,0x00000000eba00000,0x00000000eba00000)
  from space 2048K, 99% used [0x00000000eba00000,0x00000000ebbfc010,0x00000000ebc00000)
  to   space 2048K, 0% used [0x00000000ecb00000,0x00000000ecb00000,0x00000000ecd00000)
 ParOldGen       total 39936K, used 1914K [0x00000000c0000000, 0x00000000c2700000, 0x00000000eab00000)
  object space 39936K, 4% used [0x00000000c0000000,0x00000000c01de828,0x00000000c2700000)
 Metaspace       used 9068K, capacity 9314K, committed 9600K, reserved 1056768K
  class space    used 1192K, capacity 1293K, committed 1408K, reserved 1048576K
Event: 1,360 GC heap after
Heap after GC invocations=4 (full 0):
 PSYoungGen      total 32768K, used 2032K [0x00000000eab00000, 0x00000000ecd00000, 0x0000000100000000)
  eden space 30720K, 0% used [0x00000000eab00000,0x00000000eab00000,0x00000000ec900000)
  from space 2048K, 99% used [0x00000000ecb00000,0x00000000eccfc010,0x00000000ecd00000)
  to   space 2048K, 0% used [0x00000000ec900000,0x00000000ec900000,0x00000000ecb00000)
 ParOldGen       total 39936K, used 3550K [0x00000000c0000000, 0x00000000c2700000, 0x00000000eab00000)
  object space 39936K, 8% used [0x00000000c0000000,0x00000000c0377868,0x00000000c2700000)
 Metaspace       used 9068K, capacity 9314K, committed 9600K, reserved 1056768K
  class space    used 1192K, capacity 1293K, committed 1408K, reserved 1048576K
}
Event: 1,859 GC heap before
{Heap before GC invocations=5 (full 0):
 PSYoungGen      total 32768K, used 32752K [0x00000000eab00000, 0x00000000ecd00000, 0x0000000100000000)
  eden space 30720K, 100% used [0x00000000eab00000,0x00000000ec900000,0x00000000ec900000)
  from space 2048K, 99% used [0x00000000ecb00000,0x00000000eccfc010,0x00000000ecd00000)
  to   space 2048K, 0% used [0x00000000ec900000,0x00000000ec900000,0x00000000ecb00000)
 ParOldGen       total 39936K, used 3550K [0x00000000c0000000, 0x00000000c2700000, 0x00000000eab00000)
  object space 39936K, 8% used [0x00000000c0000000,0x00000000c0377868,0x00000000c2700000)
 Metaspace       used 13000K, capacity 13314K, committed 13440K, reserved 1060864K
  class space    used 1799K, capacity 1911K, committed 1920K, reserved 1048576K
Event: 1,865 GC heap after
Heap after GC invocations=5 (full 0):
 PSYoungGen      total 32768K, used 2016K [0x00000000eab00000, 0x00000000ef200000, 0x0000000100000000)
  eden space 30720K, 0% used [0x00000000eab00000,0x00000000eab00000,0x00000000ec900000)
  from space 2048K, 98% used [0x00000000ec900000,0x00000000ecaf8010,0x00000000ecb00000)
  to   space 5632K, 0% used [0x00000000eec80000,0x00000000eec80000,0x00000000ef200000)
 ParOldGen       total 39936K, used 7302K [0x00000000c0000000, 0x00000000c2700000, 0x00000000eab00000)
  object space 39936K, 18% used [0x00000000c0000000,0x00000000c0721868,0x00000000c2700000)
 Metaspace       used 13000K, capacity 13314K, committed 13440K, reserved 1060864K
  class space    used 1799K, capacity 1911K, committed 1920K, reserved 1048576K
}
Event: 2,408 GC heap before
{Heap before GC invocations=6 (full 0):
 PSYoungGen      total 32768K, used 32736K [0x00000000eab00000, 0x00000000ef200000, 0x0000000100000000)
  eden space 30720K, 100% used [0x00000000eab00000,0x00000000ec900000,0x00000000ec900000)
  from space 2048K, 98% used [0x00000000ec900000,0x00000000ecaf8010,0x00000000ecb00000)
  to   space 5632K, 0% used [0x00000000eec80000,0x00000000eec80000,0x00000000ef200000)
 ParOldGen       total 39936K, used 7302K [0x00000000c0000000, 0x00000000c2700000, 0x00000000eab00000)
  object space 39936K, 18% used [0x00000000c0000000,0x00000000c0721868,0x00000000c2700000)
 Metaspace       used 15373K, capacity 15654K, committed 16000K, reserved 1062912K
  class space    used 2197K, capacity 2329K, committed 2432K, reserved 1048576K
Event: 2,445 GC heap after
Heap after GC invocations=6 (full 0):
 PSYoungGen      total 66048K, used 5485K [0x00000000eab00000, 0x00000000ef400000, 0x0000000100000000)
  eden space 60416K, 0% used [0x00000000eab00000,0x00000000eab00000,0x00000000ee600000)
  from space 5632K, 97% used [0x00000000eec80000,0x00000000ef1db4a0,0x00000000ef200000)
  to   space 6656K, 0% used [0x00000000ee600000,0x00000000ee600000,0x00000000eec80000)
 ParOldGen       total 39936K, used 7310K [0x00000000c0000000, 0x00000000c2700000, 0x00000000eab00000)
  object space 39936K, 18% used [0x00000000c0000000,0x00000000c0723868,0x00000000c2700000)
 Metaspace       used 15373K, capacity 15654K, committed 16000K, reserved 1062912K
  class space    used 2197K, capacity 2329K, committed 2432K, reserved 1048576K
}
Event: 3,412 GC heap before
{Heap before GC invocations=7 (full 0):
 PSYoungGen      total 66048K, used 50494K [0x00000000eab00000, 0x00000000ef400000, 0x0000000100000000)
  eden space 60416K, 74% used [0x00000000eab00000,0x00000000ed6f4598,0x00000000ee600000)
  from space 5632K, 97% used [0x00000000eec80000,0x00000000ef1db4a0,0x00000000ef200000)
  to   space 6656K, 0% used [0x00000000ee600000,0x00000000ee600000,0x00000000eec80000)
 ParOldGen       total 39936K, used 7310K [0x00000000c0000000, 0x00000000c2700000, 0x00000000eab00000)
  object space 39936K, 18% used [0x00000000c0000000,0x00000000c0723868,0x00000000c2700000)
 Metaspace       used 20724K, capacity 21034K, committed 21248K, reserved 1067008K
  class space    used 2876K, capacity 3007K, committed 3072K, reserved 1048576K

