# JRE version: OpenJDK Runtime Environment (8.0_181-b13) (build 1.8.0_181-8u181-b13-0ubuntu0.16.04.1-b13)
# Java VM: OpenJDK 64-Bit Server VM (25.181-b13 mixed mode linux-amd64 compressed oops)
Heap:
 PSYoungGen      total 232960K, used 9305K [0x00000000ecd00000, 0x00000000fc080000, 0x0000000100000000)
  eden space 218112K, 0% used [0x00000000ecd00000,0x00000000ecd00000,0x00000000fa200000)
  from space 14848K, 62% used [0x00000000fa380000,0x00000000fac96610,0x00000000fb200000)
  to   space 12288K, 0% used [0x00000000fb480000,0x00000000fb480000,0x00000000fc080000)
 ParOldGen       total 57344K, used 27367K [0x00000000c6600000, 0x00000000c9e00000, 0x00000000ecd00000)
  object space 57344K, 47% used [0x00000000c6600000,0x00000000c80b9c48,0x00000000c9e00000)
 Metaspace       used 51154K, capacity 51670K, committed 52096K, reserved 1095680K
  class space    used 6312K, capacity 6425K, committed 6528K, reserved 1048576K
GC Heap History (10 events):
Event: 5,545 GC heap after
Heap after GC invocations=10 (full 1):
 PSYoungGen      total 129024K, used 8293K [0x00000000ecd00000, 0x00000000f8380000, 0x0000000100000000)
  eden space 120320K, 0% used [0x00000000ecd00000,0x00000000ecd00000,0x00000000f4280000)
  from space 8704K, 95% used [0x00000000f4280000,0x00000000f4a994b0,0x00000000f4b00000)
  to   space 10240K, 0% used [0x00000000f7980000,0x00000000f7980000,0x00000000f8380000)
 ParOldGen       total 32256K, used 8871K [0x00000000c6600000, 0x00000000c8580000, 0x00000000ecd00000)
  object space 32256K, 27% used [0x00000000c6600000,0x00000000c6ea9fc8,0x00000000c8580000)
 Metaspace       used 26223K, capacity 26534K, committed 26880K, reserved 1073152K
  class space    used 3129K, capacity 3225K, committed 3328K, reserved 1048576K
}
Event: 6,907 GC heap before
{Heap before GC invocations=11 (full 1):
 PSYoungGen      total 129024K, used 128613K [0x00000000ecd00000, 0x00000000f8380000, 0x0000000100000000)
  eden space 120320K, 100% used [0x00000000ecd00000,0x00000000f4280000,0x00000000f4280000)
  from space 8704K, 95% used [0x00000000f4280000,0x00000000f4a994b0,0x00000000f4b00000)
  to   space 10240K, 0% used [0x00000000f7980000,0x00000000f7980000,0x00000000f8380000)
 ParOldGen       total 32256K, used 8871K [0x00000000c6600000, 0x00000000c8580000, 0x00000000ecd00000)
  object space 32256K, 27% used [0x00000000c6600000,0x00000000c6ea9fc8,0x00000000c8580000)
 Metaspace       used 30130K, capacity 30444K, committed 30592K, reserved 1077248K
  class space    used 3603K, capacity 3674K, committed 3712K, reserved 1048576K
Event: 6,933 GC heap after
Heap after GC invocations=11 (full 1):
 PSYoungGen      total 174080K, used 10215K [0x00000000ecd00000, 0x00000000f8780000, 0x0000000100000000)
  eden space 163840K, 0% used [0x00000000ecd00000,0x00000000ecd00000,0x00000000f6d00000)
  from space 10240K, 99% used [0x00000000f7980000,0x00000000f8379f50,0x00000000f8380000)
  to   space 12800K, 0% used [0x00000000f6d00000,0x00000000f6d00000,0x00000000f7980000)
 ParOldGen       total 32256K, used 12081K [0x00000000c6600000, 0x00000000c8580000, 0x00000000ecd00000)
  object space 32256K, 37% used [0x00000000c6600000,0x00000000c71cc738,0x00000000c8580000)
 Metaspace       used 30130K, capacity 30444K, committed 30592K, reserved 1077248K
  class space    used 3603K, capacity 3674K, committed 3712K, reserved 1048576K
}
Event: 7,644 GC heap before
{Heap before GC invocations=12 (full 1):
 PSYoungGen      total 174080K, used 69293K [0x00000000ecd00000, 0x00000000f8780000, 0x0000000100000000)
  eden space 163840K, 36% used [0x00000000ecd00000,0x00000000f06b17f8,0x00000000f6d00000)
  from space 10240K, 99% used [0x00000000f7980000,0x00000000f8379f50,0x00000000f8380000)
  to   space 12800K, 0% used [0x00000000f6d00000,0x00000000f6d00000,0x00000000f7980000)
 ParOldGen       total 32256K, used 12081K [0x00000000c6600000, 0x00000000c8580000, 0x00000000ecd00000)
  object space 32256K, 37% used [0x00000000c6600000,0x00000000c71cc738,0x00000000c8580000)
 Metaspace       used 34881K, capacity 35146K, committed 35416K, reserved 1081344K
  class space    used 4174K, capacity 4255K, committed 4352K, reserved 1048576K
Event: 7,660 GC heap after
Heap after GC invocations=12 (full 1):
 PSYoungGen      total 176640K, used 4560K [0x00000000ecd00000, 0x00000000fc080000, 0x0000000100000000)
  eden space 163840K, 0% used [0x00000000ecd00000,0x00000000ecd00000,0x00000000f6d00000)
  from space 12800K, 35% used [0x00000000f6d00000,0x00000000f71743f0,0x00000000f7980000)
  to   space 12288K, 0% used [0x00000000fb480000,0x00000000fb480000,0x00000000fc080000)
 ParOldGen       total 32256K, used 22252K [0x00000000c6600000, 0x00000000c8580000, 0x00000000ecd00000)
  object space 32256K, 68% used [0x00000000c6600000,0x00000000c7bbb158,0x00000000c8580000)
 Metaspace       used 34881K, capacity 35146K, committed 35416K, reserved 1081344K
  class space    used 4174K, capacity 4255K, committed 4352K, reserved 1048576K
}
Event: 7,660 GC heap before
{Heap before GC invocations=13 (full 2):
 PSYoungGen      total 176640K, used 4560K [0x00000000ecd00000, 0x00000000fc080000, 0x0000000100000000)
  eden space 163840K, 0% used [0x00000000ecd00000,0x00000000ecd00000,0x00000000f6d00000)
  from space 12800K, 35% used [0x00000000f6d00000,0x00000000f71743f0,0x00000000f7980000)
  to   space 12288K, 0% used [0x00000000fb480000,0x00000000fb480000,0x00000000fc080000)
 ParOldGen       total 32256K, used 22252K [0x00000000c6600000, 0x00000000c8580000, 0x00000000ecd00000)
  object space 32256K, 68% used [0x00000000c6600000,0x00000000c7bbb158,0x00000000c8580000)
 Metaspace       used 34881K, capacity 35146K, committed 35416K, reserved 1081344K
  class space    used 4174K, capacity 4255K, committed 4352K, reserved 1048576K
Event: 7,728 GC heap after
Heap after GC invocations=13 (full 2):
 PSYoungGen      total 176640K, used 0K [0x00000000ecd00000, 0x00000000fc080000, 0x0000000100000000)
  eden space 163840K, 0% used [0x00000000ecd00000,0x00000000ecd00000,0x00000000f6d00000)
  from space 12800K, 0% used [0x00000000f6d00000,0x00000000f6d00000,0x00000000f7980000)
  to   space 12288K, 0% used [0x00000000fb480000,0x00000000fb480000,0x00000000fc080000)
 ParOldGen       total 57344K, used 21429K [0x00000000c6600000, 0x00000000c9e00000, 0x00000000ecd00000)
  object space 57344K, 37% used [0x00000000c6600000,0x00000000c7aed450,0x00000000c9e00000)
 Metaspace       used 34881K, capacity 35146K, committed 35416K, reserved 1081344K
  class space    used 4174K, capacity 4255K, committed 4352K, reserved 1048576K
}
Event: 9,613 GC heap before
{Heap before GC invocations=14 (full 2):
 PSYoungGen      total 176640K, used 163840K [0x00000000ecd00000, 0x00000000fc080000, 0x0000000100000000)
  eden space 163840K, 100% used [0x00000000ecd00000,0x00000000f6d00000,0x00000000f6d00000)
  from space 12800K, 0% used [0x00000000f6d00000,0x00000000f6d00000,0x00000000f7980000)
  to   space 12288K, 0% used [0x00000000fb480000,0x00000000fb480000,0x00000000fc080000)
 ParOldGen       total 57344K, used 21429K [0x00000000c6600000, 0x00000000c9e00000, 0x00000000ecd00000)
  object space 57344K, 37% used [0x00000000c6600000,0x00000000c7aed450,0x00000000c9e00000)
 Metaspace       used 45666K, capacity 46072K, committed 46592K, reserved 1089536K
  class space    used 5667K, capacity 5772K, committed 5888K, reserved 1048576K
Event: 9,636 GC heap after
Heap after GC invocations=14 (full 2):
 PSYoungGen      total 230400K, used 12262K [0x00000000ecd00000, 0x00000000fc080000, 0x0000000100000000)
  eden space 218112K, 0% used [0x00000000ecd00000,0x00000000ecd00000,0x00000000fa200000)
  from space 12288K, 99% used [0x00000000fb480000,0x00000000fc079a20,0x00000000fc080000)
  to   space 14848K, 0% used [0x00000000fa380000,0x00000000fa380000,0x00000000fb200000)
 ParOldGen       total 57344K, used 22935K [0x00000000c6600000, 0x00000000c9e00000, 0x00000000ecd00000)
  object space 57344K, 39% used [0x00000000c6600000,0x00000000c7c65c08,0x00000000c9e00000)
 Metaspace       used 45666K, capacity 46072K, committed 46592K, reserved 1089536K
  class space    used 5667K, capacity 5772K, committed 5888K, reserved 1048576K
}
Event: 48,377 GC heap before
{Heap before GC invocations=15 (full 2):
 PSYoungGen      total 230400K, used 230374K [0x00000000ecd00000, 0x00000000fc080000, 0x0000000100000000)
  eden space 218112K, 100% used [0x00000000ecd00000,0x00000000fa200000,0x00000000fa200000)
  from space 12288K, 99% used [0x00000000fb480000,0x00000000fc079a20,0x00000000fc080000)
  to   space 14848K, 0% used [0x00000000fa380000,0x00000000fa380000,0x00000000fb200000)
 ParOldGen       total 57344K, used 22935K [0x00000000c6600000, 0x00000000c9e00000, 0x00000000ecd00000)
  object space 57344K, 39% used [0x00000000c6600000,0x00000000c7c65c08,0x00000000c9e00000)
 Metaspace       used 51154K, capacity 51670K, committed 52096K, reserved 1095680K
  class space    used 6312K, capacity 6425K, committed 6528K, reserved 1048576K

