# JRE version: OpenJDK Runtime Environment (8.0_181-b13) (build 1.8.0_181-8u181-b13-0ubuntu0.16.04.1-b13)
# Java VM: OpenJDK 64-Bit Server VM (25.181-b13 mixed mode linux-amd64 compressed oops)
Heap:
 PSYoungGen      total 67584K, used 6650K [0x00000000ecd00000, 0x00000000f1600000, 0x0000000100000000)
  eden space 60928K, 0% used [0x00000000ecd00000,0x00000000ecd00000,0x00000000f0880000)
  from space 6656K, 99% used [0x00000000f0880000,0x00000000f0efe870,0x00000000f0f00000)
  to   space 6144K, 0% used [0x00000000f0f00000,0x00000000f0f00000,0x00000000f1500000)
 ParOldGen       total 39936K, used 10766K [0x00000000c6600000, 0x00000000c8d00000, 0x00000000ecd00000)
  object space 39936K, 26% used [0x00000000c6600000,0x00000000c7083bc8,0x00000000c8d00000)
 Metaspace       used 20835K, capacity 21116K, committed 21296K, reserved 1069056K
  class space    used 2482K, capacity 2568K, committed 2688K, reserved 1048576K
GC Heap History (10 events):
Event: 0,685 GC heap after
Heap after GC invocations=2 (full 0):
 PSYoungGen      total 17408K, used 2022K [0x00000000ecd00000, 0x00000000eef00000, 0x0000000100000000)
  eden space 15360K, 0% used [0x00000000ecd00000,0x00000000ecd00000,0x00000000edc00000)
  from space 2048K, 98% used [0x00000000ede00000,0x00000000edff9930,0x00000000ee000000)
  to   space 2048K, 0% used [0x00000000edc00000,0x00000000edc00000,0x00000000ede00000)
 ParOldGen       total 39936K, used 988K [0x00000000c6600000, 0x00000000c8d00000, 0x00000000ecd00000)
  object space 39936K, 2% used [0x00000000c6600000,0x00000000c66f7318,0x00000000c8d00000)
 Metaspace       used 7351K, capacity 7394K, committed 7552K, reserved 1056768K
  class space    used 860K, capacity 883K, committed 896K, reserved 1048576K
}
Event: 0,875 GC heap before
{Heap before GC invocations=3 (full 0):
 PSYoungGen      total 17408K, used 17369K [0x00000000ecd00000, 0x00000000eef00000, 0x0000000100000000)
  eden space 15360K, 99% used [0x00000000ecd00000,0x00000000edbfcd90,0x00000000edc00000)
  from space 2048K, 98% used [0x00000000ede00000,0x00000000edff9930,0x00000000ee000000)
  to   space 2048K, 0% used [0x00000000edc00000,0x00000000edc00000,0x00000000ede00000)
 ParOldGen       total 39936K, used 988K [0x00000000c6600000, 0x00000000c8d00000, 0x00000000ecd00000)
  object space 39936K, 2% used [0x00000000c6600000,0x00000000c66f7318,0x00000000c8d00000)
 Metaspace       used 8873K, capacity 9026K, committed 9088K, reserved 1056768K
  class space    used 1079K, capacity 1107K, committed 1152K, reserved 1048576K
Event: 0,879 GC heap after
Heap after GC invocations=3 (full 0):
 PSYoungGen      total 17408K, used 2020K [0x00000000ecd00000, 0x00000000eef00000, 0x0000000100000000)
  eden space 15360K, 0% used [0x00000000ecd00000,0x00000000ecd00000,0x00000000edc00000)
  from space 2048K, 98% used [0x00000000edc00000,0x00000000eddf92b0,0x00000000ede00000)
  to   space 2048K, 0% used [0x00000000eed00000,0x00000000eed00000,0x00000000eef00000)
 ParOldGen       total 39936K, used 1802K [0x00000000c6600000, 0x00000000c8d00000, 0x00000000ecd00000)
  object space 39936K, 4% used [0x00000000c6600000,0x00000000c67c28d0,0x00000000c8d00000)
 Metaspace       used 8873K, capacity 9026K, committed 9088K, reserved 1056768K
  class space    used 1079K, capacity 1107K, committed 1152K, reserved 1048576K
}
Event: 1,025 GC heap before
{Heap before GC invocations=4 (full 0):
 PSYoungGen      total 17408K, used 17380K [0x00000000ecd00000, 0x00000000eef00000, 0x0000000100000000)
  eden space 15360K, 100% used [0x00000000ecd00000,0x00000000edc00000,0x00000000edc00000)
  from space 2048K, 98% used [0x00000000edc00000,0x00000000eddf92b0,0x00000000ede00000)
  to   space 2048K, 0% used [0x00000000eed00000,0x00000000eed00000,0x00000000eef00000)
 ParOldGen       total 39936K, used 1802K [0x00000000c6600000, 0x00000000c8d00000, 0x00000000ecd00000)
  object space 39936K, 4% used [0x00000000c6600000,0x00000000c67c28d0,0x00000000c8d00000)
 Metaspace       used 10719K, capacity 10850K, committed 11136K, reserved 1058816K
  class space    used 1290K, capacity 1331K, committed 1408K, reserved 1048576K
Event: 1,030 GC heap after
Heap after GC invocations=4 (full 0):
 PSYoungGen      total 32768K, used 2048K [0x00000000ecd00000, 0x00000000eef00000, 0x0000000100000000)
  eden space 30720K, 0% used [0x00000000ecd00000,0x00000000ecd00000,0x00000000eeb00000)
  from space 2048K, 100% used [0x00000000eed00000,0x00000000eef00000,0x00000000eef00000)
  to   space 2048K, 0% used [0x00000000eeb00000,0x00000000eeb00000,0x00000000eed00000)
 ParOldGen       total 39936K, used 3595K [0x00000000c6600000, 0x00000000c8d00000, 0x00000000ecd00000)
  object space 39936K, 9% used [0x00000000c6600000,0x00000000c6982e88,0x00000000c8d00000)
 Metaspace       used 10719K, capacity 10850K, committed 11136K, reserved 1058816K
  class space    used 1290K, capacity 1331K, committed 1408K, reserved 1048576K
}
Event: 1,361 GC heap before
{Heap before GC invocations=5 (full 0):
 PSYoungGen      total 32768K, used 32768K [0x00000000ecd00000, 0x00000000eef00000, 0x0000000100000000)
  eden space 30720K, 100% used [0x00000000ecd00000,0x00000000eeb00000,0x00000000eeb00000)
  from space 2048K, 100% used [0x00000000eed00000,0x00000000eef00000,0x00000000eef00000)
  to   space 2048K, 0% used [0x00000000eeb00000,0x00000000eeb00000,0x00000000eed00000)
 ParOldGen       total 39936K, used 3595K [0x00000000c6600000, 0x00000000c8d00000, 0x00000000ecd00000)
  object space 39936K, 9% used [0x00000000c6600000,0x00000000c6982e88,0x00000000c8d00000)
 Metaspace       used 15075K, capacity 15254K, committed 15488K, reserved 1062912K
  class space    used 1788K, capacity 1825K, committed 1920K, reserved 1048576K
Event: 1,369 GC heap after
Heap after GC invocations=5 (full 0):
 PSYoungGen      total 32768K, used 2016K [0x00000000ecd00000, 0x00000000f1500000, 0x0000000100000000)
  eden space 30720K, 0% used [0x00000000ecd00000,0x00000000ecd00000,0x00000000eeb00000)
  from space 2048K, 98% used [0x00000000eeb00000,0x00000000eecf8020,0x00000000eed00000)
  to   space 6144K, 0% used [0x00000000f0f00000,0x00000000f0f00000,0x00000000f1500000)
 ParOldGen       total 39936K, used 7675K [0x00000000c6600000, 0x00000000c8d00000, 0x00000000ecd00000)
  object space 39936K, 19% used [0x00000000c6600000,0x00000000c6d7eed0,0x00000000c8d00000)
 Metaspace       used 15075K, capacity 15254K, committed 15488K, reserved 1062912K
  class space    used 1788K, capacity 1825K, committed 1920K, reserved 1048576K
}
Event: 1,664 GC heap before
{Heap before GC invocations=6 (full 0):
 PSYoungGen      total 32768K, used 32736K [0x00000000ecd00000, 0x00000000f1500000, 0x0000000100000000)
  eden space 30720K, 100% used [0x00000000ecd00000,0x00000000eeb00000,0x00000000eeb00000)
  from space 2048K, 98% used [0x00000000eeb00000,0x00000000eecf8020,0x00000000eed00000)
  to   space 6144K, 0% used [0x00000000f0f00000,0x00000000f0f00000,0x00000000f1500000)
 ParOldGen       total 39936K, used 7675K [0x00000000c6600000, 0x00000000c8d00000, 0x00000000ecd00000)
  object space 39936K, 19% used [0x00000000c6600000,0x00000000c6d7eed0,0x00000000c8d00000)
 Metaspace       used 16932K, capacity 17092K, committed 17280K, reserved 1064960K
  class space    used 2015K, capacity 2062K, committed 2176K, reserved 1048576K
Event: 1,691 GC heap after
Heap after GC invocations=6 (full 0):
 PSYoungGen      total 67072K, used 4916K [0x00000000ecd00000, 0x00000000f1600000, 0x0000000100000000)
  eden space 60928K, 0% used [0x00000000ecd00000,0x00000000ecd00000,0x00000000f0880000)
  from space 6144K, 80% used [0x00000000f0f00000,0x00000000f13cd310,0x00000000f1500000)
  to   space 6656K, 0% used [0x00000000f0880000,0x00000000f0880000,0x00000000f0f00000)
 ParOldGen       total 39936K, used 7683K [0x00000000c6600000, 0x00000000c8d00000, 0x00000000ecd00000)
  object space 39936K, 19% used [0x00000000c6600000,0x00000000c6d80ed0,0x00000000c8d00000)
 Metaspace       used 16932K, capacity 17092K, committed 17280K, reserved 1064960K
  class space    used 2015K, capacity 2062K, committed 2176K, reserved 1048576K
}
Event: 2,592 GC heap before
{Heap before GC invocations=7 (full 0):
 PSYoungGen      total 67072K, used 65844K [0x00000000ecd00000, 0x00000000f1600000, 0x0000000100000000)
  eden space 60928K, 100% used [0x00000000ecd00000,0x00000000f0880000,0x00000000f0880000)
  from space 6144K, 80% used [0x00000000f0f00000,0x00000000f13cd310,0x00000000f1500000)
  to   space 6656K, 0% used [0x00000000f0880000,0x00000000f0880000,0x00000000f0f00000)
 ParOldGen       total 39936K, used 7683K [0x00000000c6600000, 0x00000000c8d00000, 0x00000000ecd00000)
  object space 39936K, 19% used [0x00000000c6600000,0x00000000c6d80ed0,0x00000000c8d00000)
 Metaspace       used 20835K, capacity 21116K, committed 21296K, reserved 1069056K
  class space    used 2482K, capacity 2568K, committed 2688K, reserved 1048576K

