# JRE version: OpenJDK Runtime Environment (8.0_181-b13) (build 1.8.0_181-8u181-b13-0ubuntu0.16.04.1-b13)
# Java VM: OpenJDK 64-Bit Server VM (25.181-b13 mixed mode linux-amd64 compressed oops)
Heap:
 PSYoungGen      total 174592K, used 4553K [0x00000000ecd00000, 0x00000000f8680000, 0x0000000100000000)
  eden space 161792K, 0% used [0x00000000ecd00000,0x00000000ecd00000,0x00000000f6b00000)
  from space 12800K, 35% used [0x00000000f6b00000,0x00000000f6f72588,0x00000000f7780000)
  to   space 10240K, 0% used [0x00000000f7780000,0x00000000f7780000,0x00000000f8180000)
 ParOldGen       total 32768K, used 22229K [0x00000000c6600000, 0x00000000c8600000, 0x00000000ecd00000)
  object space 32768K, 67% used [0x00000000c6600000,0x00000000c7bb5590,0x00000000c8600000)
 Metaspace       used 34912K, capacity 35210K, committed 35496K, reserved 1081344K
  class space    used 4182K, capacity 4255K, committed 4272K, reserved 1048576K
GC Heap History (10 events):
Event: 4,497 GC heap after
Heap after GC invocations=7 (full 0):
 PSYoungGen      total 66560K, used 6138K [0x00000000ecd00000, 0x00000000f5300000, 0x0000000100000000)
  eden space 60416K, 0% used [0x00000000ecd00000,0x00000000ecd00000,0x00000000f0800000)
  from space 6144K, 99% used [0x00000000f0800000,0x00000000f0dfe990,0x00000000f0e00000)
  to   space 8192K, 0% used [0x00000000f4b00000,0x00000000f4b00000,0x00000000f5300000)
 ParOldGen       total 39936K, used 6586K [0x00000000c6600000, 0x00000000c8d00000, 0x00000000ecd00000)
  object space 39936K, 16% used [0x00000000c6600000,0x00000000c6c6ebf8,0x00000000c8d00000)
 Metaspace       used 19761K, capacity 20040K, committed 20352K, reserved 1067008K
  class space    used 2317K, capacity 2404K, committed 2432K, reserved 1048576K
}
Event: 4,795 GC heap before
{Heap before GC invocations=8 (full 0):
 PSYoungGen      total 66560K, used 39665K [0x00000000ecd00000, 0x00000000f5300000, 0x0000000100000000)
  eden space 60416K, 55% used [0x00000000ecd00000,0x00000000eedbdd58,0x00000000f0800000)
  from space 6144K, 99% used [0x00000000f0800000,0x00000000f0dfe990,0x00000000f0e00000)
  to   space 8192K, 0% used [0x00000000f4b00000,0x00000000f4b00000,0x00000000f5300000)
 ParOldGen       total 39936K, used 6586K [0x00000000c6600000, 0x00000000c8d00000, 0x00000000ecd00000)
  object space 39936K, 16% used [0x00000000c6600000,0x00000000c6c6ebf8,0x00000000c8d00000)
 Metaspace       used 20926K, capacity 21190K, committed 21296K, reserved 1069056K
  class space    used 2461K, capacity 2569K, committed 2608K, reserved 1048576K
Event: 4,806 GC heap after
Heap after GC invocations=8 (full 0):
 PSYoungGen      total 128512K, used 7158K [0x00000000ecd00000, 0x00000000f5400000, 0x0000000100000000)
  eden space 120320K, 0% used [0x00000000ecd00000,0x00000000ecd00000,0x00000000f4280000)
  from space 8192K, 87% used [0x00000000f4b00000,0x00000000f51fdb30,0x00000000f5300000)
  to   space 8704K, 0% used [0x00000000f4280000,0x00000000f4280000,0x00000000f4b00000)
 ParOldGen       total 39936K, used 7114K [0x00000000c6600000, 0x00000000c8d00000, 0x00000000ecd00000)
  object space 39936K, 17% used [0x00000000c6600000,0x00000000c6cf2bf8,0x00000000c8d00000)
 Metaspace       used 20926K, capacity 21190K, committed 21296K, reserved 1069056K
  class space    used 2461K, capacity 2569K, committed 2608K, reserved 1048576K
}
Event: 4,806 GC heap before
{Heap before GC invocations=9 (full 1):
 PSYoungGen      total 128512K, used 7158K [0x00000000ecd00000, 0x00000000f5400000, 0x0000000100000000)
  eden space 120320K, 0% used [0x00000000ecd00000,0x00000000ecd00000,0x00000000f4280000)
  from space 8192K, 87% used [0x00000000f4b00000,0x00000000f51fdb30,0x00000000f5300000)
  to   space 8704K, 0% used [0x00000000f4280000,0x00000000f4280000,0x00000000f4b00000)
 ParOldGen       total 39936K, used 7114K [0x00000000c6600000, 0x00000000c8d00000, 0x00000000ecd00000)
  object space 39936K, 17% used [0x00000000c6600000,0x00000000c6cf2bf8,0x00000000c8d00000)
 Metaspace       used 20926K, capacity 21190K, committed 21296K, reserved 1069056K
  class space    used 2461K, capacity 2569K, committed 2608K, reserved 1048576K
Event: 4,863 GC heap after
Heap after GC invocations=9 (full 1):
 PSYoungGen      total 128512K, used 0K [0x00000000ecd00000, 0x00000000f5400000, 0x0000000100000000)
  eden space 120320K, 0% used [0x00000000ecd00000,0x00000000ecd00000,0x00000000f4280000)
  from space 8192K, 0% used [0x00000000f4b00000,0x00000000f4b00000,0x00000000f5300000)
  to   space 8704K, 0% used [0x00000000f4280000,0x00000000f4280000,0x00000000f4b00000)
 ParOldGen       total 32768K, used 8896K [0x00000000c6600000, 0x00000000c8600000, 0x00000000ecd00000)
  object space 32768K, 27% used [0x00000000c6600000,0x00000000c6eb0068,0x00000000c8600000)
 Metaspace       used 20926K, capacity 21190K, committed 21296K, reserved 1069056K
  class space    used 2461K, capacity 2569K, committed 2608K, reserved 1048576K
}
Event: 6,423 GC heap before
{Heap before GC invocations=10 (full 1):
 PSYoungGen      total 128512K, used 120320K [0x00000000ecd00000, 0x00000000f5400000, 0x0000000100000000)
  eden space 120320K, 100% used [0x00000000ecd00000,0x00000000f4280000,0x00000000f4280000)
  from space 8192K, 0% used [0x00000000f4b00000,0x00000000f4b00000,0x00000000f5300000)
  to   space 8704K, 0% used [0x00000000f4280000,0x00000000f4280000,0x00000000f4b00000)
 ParOldGen       total 32768K, used 8896K [0x00000000c6600000, 0x00000000c8600000, 0x00000000ecd00000)
  object space 32768K, 27% used [0x00000000c6600000,0x00000000c6eb0068,0x00000000c8600000)
 Metaspace       used 26466K, capacity 26758K, committed 27184K, reserved 1073152K
  class space    used 3162K, capacity 3257K, committed 3376K, reserved 1048576K
Event: 6,432 GC heap after
Heap after GC invocations=10 (full 1):
 PSYoungGen      total 129024K, used 8672K [0x00000000ecd00000, 0x00000000f8180000, 0x0000000100000000)
  eden space 120320K, 0% used [0x00000000ecd00000,0x00000000ecd00000,0x00000000f4280000)
  from space 8704K, 99% used [0x00000000f4280000,0x00000000f4af83b8,0x00000000f4b00000)
  to   space 10240K, 0% used [0x00000000f7780000,0x00000000f7780000,0x00000000f8180000)
 ParOldGen       total 32768K, used 8963K [0x00000000c6600000, 0x00000000c8600000, 0x00000000ecd00000)
  object space 32768K, 27% used [0x00000000c6600000,0x00000000c6ec0dc8,0x00000000c8600000)
 Metaspace       used 26466K, capacity 26758K, committed 27184K, reserved 1073152K
  class space    used 3162K, capacity 3257K, committed 3376K, reserved 1048576K
}
Event: 7,669 GC heap before
{Heap before GC invocations=11 (full 1):
 PSYoungGen      total 129024K, used 128960K [0x00000000ecd00000, 0x00000000f8180000, 0x0000000100000000)
  eden space 120320K, 99% used [0x00000000ecd00000,0x00000000f4277d10,0x00000000f4280000)
  from space 8704K, 99% used [0x00000000f4280000,0x00000000f4af83b8,0x00000000f4b00000)
  to   space 10240K, 0% used [0x00000000f7780000,0x00000000f7780000,0x00000000f8180000)
 ParOldGen       total 32768K, used 8963K [0x00000000c6600000, 0x00000000c8600000, 0x00000000ecd00000)
  object space 32768K, 27% used [0x00000000c6600000,0x00000000c6ec0dc8,0x00000000c8600000)
 Metaspace       used 30107K, capacity 30476K, committed 30640K, reserved 1077248K
  class space    used 3609K, capacity 3706K, committed 3760K, reserved 1048576K
Event: 7,692 GC heap after
Heap after GC invocations=11 (full 1):
 PSYoungGen      total 172032K, used 10212K [0x00000000ecd00000, 0x00000000f8680000, 0x0000000100000000)
  eden space 161792K, 0% used [0x00000000ecd00000,0x00000000ecd00000,0x00000000f6b00000)
  from space 10240K, 99% used [0x00000000f7780000,0x00000000f81793a8,0x00000000f8180000)
  to   space 12800K, 0% used [0x00000000f6b00000,0x00000000f6b00000,0x00000000f7780000)
 ParOldGen       total 32768K, used 12132K [0x00000000c6600000, 0x00000000c8600000, 0x00000000ecd00000)
  object space 32768K, 37% used [0x00000000c6600000,0x00000000c71d9130,0x00000000c8600000)
 Metaspace       used 30107K, capacity 30476K, committed 30640K, reserved 1077248K
  class space    used 3609K, capacity 3706K, committed 3760K, reserved 1048576K
}
Event: 8,411 GC heap before
{Heap before GC invocations=12 (full 1):
 PSYoungGen      total 172032K, used 64964K [0x00000000ecd00000, 0x00000000f8680000, 0x0000000100000000)
  eden space 161792K, 33% used [0x00000000ecd00000,0x00000000f0277c90,0x00000000f6b00000)
  from space 10240K, 99% used [0x00000000f7780000,0x00000000f81793a8,0x00000000f8180000)
  to   space 12800K, 0% used [0x00000000f6b00000,0x00000000f6b00000,0x00000000f7780000)
 ParOldGen       total 32768K, used 12132K [0x00000000c6600000, 0x00000000c8600000, 0x00000000ecd00000)
  object space 32768K, 37% used [0x00000000c6600000,0x00000000c71d9130,0x00000000c8600000)
 Metaspace       used 34912K, capacity 35210K, committed 35496K, reserved 1081344K
  class space    used 4182K, capacity 4255K, committed 4272K, reserved 1048576K

