# JRE version: OpenJDK Runtime Environment (8.0_181-b13) (build 1.8.0_181-8u181-b13-0ubuntu0.16.04.1-b13)
# Java VM: OpenJDK 64-Bit Server VM (25.181-b13 mixed mode linux-amd64 compressed oops)
Heap:
 PSYoungGen      total 67072K, used 6643K [0x00000000eab00000, 0x00000000ef400000, 0x0000000100000000)
  eden space 60416K, 0% used [0x00000000eab00000,0x00000000eab00000,0x00000000ee600000)
  from space 6656K, 99% used [0x00000000ee600000,0x00000000eec7cde0,0x00000000eec80000)
  to   space 5632K, 0% used [0x00000000eec80000,0x00000000eec80000,0x00000000ef200000)
 ParOldGen       total 39936K, used 9278K [0x00000000c0000000, 0x00000000c2700000, 0x00000000eab00000)
  object space 39936K, 23% used [0x00000000c0000000,0x00000000c090f868,0x00000000c2700000)
 Metaspace       used 20722K, capacity 21034K, committed 21248K, reserved 1067008K
  class space    used 2875K, capacity 3007K, committed 3072K, reserved 1048576K
GC Heap History (10 events):
Event: 0,929 GC heap after
Heap after GC invocations=2 (full 0):
 PSYoungGen      total 17408K, used 2045K [0x00000000eab00000, 0x00000000ecd00000, 0x0000000100000000)
  eden space 15360K, 0% used [0x00000000eab00000,0x00000000eab00000,0x00000000eba00000)
  from space 2048K, 99% used [0x00000000ebc00000,0x00000000ebdff628,0x00000000ebe00000)
  to   space 2048K, 0% used [0x00000000eba00000,0x00000000eba00000,0x00000000ebc00000)
 ParOldGen       total 39936K, used 1158K [0x00000000c0000000, 0x00000000c2700000, 0x00000000eab00000)
  object space 39936K, 2% used [0x00000000c0000000,0x00000000c0121ba0,0x00000000c2700000)
 Metaspace       used 6893K, capacity 7024K, committed 7296K, reserved 1056768K
  class space    used 832K, capacity 876K, committed 896K, reserved 1048576K
}
Event: 1,192 GC heap before
{Heap before GC invocations=3 (full 0):
 PSYoungGen      total 17408K, used 17405K [0x00000000eab00000, 0x00000000ecd00000, 0x0000000100000000)
  eden space 15360K, 100% used [0x00000000eab00000,0x00000000eba00000,0x00000000eba00000)
  from space 2048K, 99% used [0x00000000ebc00000,0x00000000ebdff628,0x00000000ebe00000)
  to   space 2048K, 0% used [0x00000000eba00000,0x00000000eba00000,0x00000000ebc00000)
 ParOldGen       total 39936K, used 1158K [0x00000000c0000000, 0x00000000c2700000, 0x00000000eab00000)
  object space 39936K, 2% used [0x00000000c0000000,0x00000000c0121ba0,0x00000000c2700000)
 Metaspace       used 7061K, capacity 7208K, committed 7424K, reserved 1056768K
  class space    used 860K, capacity 916K, committed 1024K, reserved 1048576K
Event: 1,197 GC heap after
Heap after GC invocations=3 (full 0):
 PSYoungGen      total 17408K, used 2016K [0x00000000eab00000, 0x00000000ecd00000, 0x0000000100000000)
  eden space 15360K, 0% used [0x00000000eab00000,0x00000000eab00000,0x00000000eba00000)
  from space 2048K, 98% used [0x00000000eba00000,0x00000000ebbf8020,0x00000000ebc00000)
  to   space 2048K, 0% used [0x00000000ecb00000,0x00000000ecb00000,0x00000000ecd00000)
 ParOldGen       total 39936K, used 1842K [0x00000000c0000000, 0x00000000c2700000, 0x00000000eab00000)
  object space 39936K, 4% used [0x00000000c0000000,0x00000000c01ccab8,0x00000000c2700000)
 Metaspace       used 7061K, capacity 7208K, committed 7424K, reserved 1056768K
  class space    used 860K, capacity 916K, committed 1024K, reserved 1048576K
}
Event: 1,539 GC heap before
{Heap before GC invocations=4 (full 0):
 PSYoungGen      total 17408K, used 17376K [0x00000000eab00000, 0x00000000ecd00000, 0x0000000100000000)
  eden space 15360K, 100% used [0x00000000eab00000,0x00000000eba00000,0x00000000eba00000)
  from space 2048K, 98% used [0x00000000eba00000,0x00000000ebbf8020,0x00000000ebc00000)
  to   space 2048K, 0% used [0x00000000ecb00000,0x00000000ecb00000,0x00000000ecd00000)
 ParOldGen       total 39936K, used 1842K [0x00000000c0000000, 0x00000000c2700000, 0x00000000eab00000)
  object space 39936K, 4% used [0x00000000c0000000,0x00000000c01ccab8,0x00000000c2700000)
 Metaspace       used 8999K, capacity 9218K, committed 9472K, reserved 1056768K
  class space    used 1175K, capacity 1261K, committed 1280K, reserved 1048576K
Event: 1,549 GC heap after
Heap after GC invocations=4 (full 0):
 PSYoungGen      total 32768K, used 2032K [0x00000000eab00000, 0x00000000ecd00000, 0x0000000100000000)
  eden space 30720K, 0% used [0x00000000eab00000,0x00000000eab00000,0x00000000ec900000)
  from space 2048K, 99% used [0x00000000ecb00000,0x00000000eccfc010,0x00000000ecd00000)
  to   space 2048K, 0% used [0x00000000ec900000,0x00000000ec900000,0x00000000ecb00000)
 ParOldGen       total 39936K, used 3423K [0x00000000c0000000, 0x00000000c2700000, 0x00000000eab00000)
  object space 39936K, 8% used [0x00000000c0000000,0x00000000c0357fa8,0x00000000c2700000)
 Metaspace       used 8999K, capacity 9218K, committed 9472K, reserved 1056768K
  class space    used 1175K, capacity 1261K, committed 1280K, reserved 1048576K
}
Event: 2,217 GC heap before
{Heap before GC invocations=5 (full 0):
 PSYoungGen      total 32768K, used 32752K [0x00000000eab00000, 0x00000000ecd00000, 0x0000000100000000)
  eden space 30720K, 100% used [0x00000000eab00000,0x00000000ec900000,0x00000000ec900000)
  from space 2048K, 99% used [0x00000000ecb00000,0x00000000eccfc010,0x00000000ecd00000)
  to   space 2048K, 0% used [0x00000000ec900000,0x00000000ec900000,0x00000000ecb00000)
 ParOldGen       total 39936K, used 3423K [0x00000000c0000000, 0x00000000c2700000, 0x00000000eab00000)
  object space 39936K, 8% used [0x00000000c0000000,0x00000000c0357fa8,0x00000000c2700000)
 Metaspace       used 12951K, capacity 13250K, committed 13440K, reserved 1060864K
  class space    used 1792K, capacity 1911K, committed 1920K, reserved 1048576K
Event: 2,223 GC heap after
Heap after GC invocations=5 (full 0):
 PSYoungGen      total 32768K, used 2032K [0x00000000eab00000, 0x00000000ef200000, 0x0000000100000000)
  eden space 30720K, 0% used [0x00000000eab00000,0x00000000eab00000,0x00000000ec900000)
  from space 2048K, 99% used [0x00000000ec900000,0x00000000ecafc040,0x00000000ecb00000)
  to   space 5632K, 0% used [0x00000000eec80000,0x00000000eec80000,0x00000000ef200000)
 ParOldGen       total 39936K, used 7195K [0x00000000c0000000, 0x00000000c2700000, 0x00000000eab00000)
  object space 39936K, 18% used [0x00000000c0000000,0x00000000c0706db0,0x00000000c2700000)
 Metaspace       used 12951K, capacity 13250K, committed 13440K, reserved 1060864K
  class space    used 1792K, capacity 1911K, committed 1920K, reserved 1048576K
}
Event: 2,763 GC heap before
{Heap before GC invocations=6 (full 0):
 PSYoungGen      total 32768K, used 32752K [0x00000000eab00000, 0x00000000ef200000, 0x0000000100000000)
  eden space 30720K, 100% used [0x00000000eab00000,0x00000000ec900000,0x00000000ec900000)
  from space 2048K, 99% used [0x00000000ec900000,0x00000000ecafc040,0x00000000ecb00000)
  to   space 5632K, 0% used [0x00000000eec80000,0x00000000eec80000,0x00000000ef200000)
 ParOldGen       total 39936K, used 7195K [0x00000000c0000000, 0x00000000c2700000, 0x00000000eab00000)
  object space 39936K, 18% used [0x00000000c0000000,0x00000000c0706db0,0x00000000c2700000)
 Metaspace       used 15364K, capacity 15654K, committed 16000K, reserved 1062912K
  class space    used 2194K, capacity 2329K, committed 2432K, reserved 1048576K
Event: 2,774 GC heap after
Heap after GC invocations=6 (full 0):
 PSYoungGen      total 66048K, used 5480K [0x00000000eab00000, 0x00000000ef400000, 0x0000000100000000)
  eden space 60416K, 0% used [0x00000000eab00000,0x00000000eab00000,0x00000000ee600000)
  from space 5632K, 97% used [0x00000000eec80000,0x00000000ef1da0c0,0x00000000ef200000)
  to   space 6656K, 0% used [0x00000000ee600000,0x00000000ee600000,0x00000000eec80000)
 ParOldGen       total 39936K, used 7203K [0x00000000c0000000, 0x00000000c2700000, 0x00000000eab00000)
  object space 39936K, 18% used [0x00000000c0000000,0x00000000c0708db0,0x00000000c2700000)
 Metaspace       used 15364K, capacity 15654K, committed 16000K, reserved 1062912K
  class space    used 2194K, capacity 2329K, committed 2432K, reserved 1048576K
}
Event: 3,741 GC heap before
{Heap before GC invocations=7 (full 0):
 PSYoungGen      total 66048K, used 51299K [0x00000000eab00000, 0x00000000ef400000, 0x0000000100000000)
  eden space 60416K, 75% used [0x00000000eab00000,0x00000000ed7bebb8,0x00000000ee600000)
  from space 5632K, 97% used [0x00000000eec80000,0x00000000ef1da0c0,0x00000000ef200000)
  to   space 6656K, 0% used [0x00000000ee600000,0x00000000ee600000,0x00000000eec80000)
 ParOldGen       total 39936K, used 7203K [0x00000000c0000000, 0x00000000c2700000, 0x00000000eab00000)
  object space 39936K, 18% used [0x00000000c0000000,0x00000000c0708db0,0x00000000c2700000)
 Metaspace       used 20722K, capacity 21034K, committed 21248K, reserved 1067008K
  class space    used 2875K, capacity 3007K, committed 3072K, reserved 1048576K

