# JRE version: OpenJDK Runtime Environment (8.0_181-b13) (build 1.8.0_181-8u181-b13-0ubuntu0.16.04.1-b13)
# Java VM: OpenJDK 64-Bit Server VM (25.181-b13 mixed mode linux-amd64 compressed oops)
Heap:
 PSYoungGen      total 67584K, used 6652K [0x00000000ecd00000, 0x00000000f1600000, 0x0000000100000000)
  eden space 60928K, 0% used [0x00000000ecd00000,0x00000000ecd00000,0x00000000f0880000)
  from space 6656K, 99% used [0x00000000f0880000,0x00000000f0eff148,0x00000000f0f00000)
  to   space 6144K, 0% used [0x00000000f0f00000,0x00000000f0f00000,0x00000000f1500000)
 ParOldGen       total 39936K, used 10454K [0x00000000c6600000, 0x00000000c8d00000, 0x00000000ecd00000)
  object space 39936K, 26% used [0x00000000c6600000,0x00000000c7035948,0x00000000c8d00000)
 Metaspace       used 20965K, capacity 21190K, committed 21296K, reserved 1069056K
  class space    used 2470K, capacity 2569K, committed 2608K, reserved 1048576K
GC Heap History (10 events):
Event: 1,154 GC heap after
Heap after GC invocations=2 (full 0):
 PSYoungGen      total 17408K, used 2036K [0x00000000ecd00000, 0x00000000eef00000, 0x0000000100000000)
  eden space 15360K, 0% used [0x00000000ecd00000,0x00000000ecd00000,0x00000000edc00000)
  from space 2048K, 99% used [0x00000000ede00000,0x00000000edffd130,0x00000000ee000000)
  to   space 2048K, 0% used [0x00000000edc00000,0x00000000edc00000,0x00000000ede00000)
 ParOldGen       total 39936K, used 970K [0x00000000c6600000, 0x00000000c8d00000, 0x00000000ecd00000)
  object space 39936K, 2% used [0x00000000c6600000,0x00000000c66f28c0,0x00000000c8d00000)
 Metaspace       used 7371K, capacity 7458K, committed 7552K, reserved 1056768K
  class space    used 857K, capacity 883K, committed 896K, reserved 1048576K
}
Event: 1,581 GC heap before
{Heap before GC invocations=3 (full 0):
 PSYoungGen      total 17408K, used 17396K [0x00000000ecd00000, 0x00000000eef00000, 0x0000000100000000)
  eden space 15360K, 100% used [0x00000000ecd00000,0x00000000edc00000,0x00000000edc00000)
  from space 2048K, 99% used [0x00000000ede00000,0x00000000edffd130,0x00000000ee000000)
  to   space 2048K, 0% used [0x00000000edc00000,0x00000000edc00000,0x00000000ede00000)
 ParOldGen       total 39936K, used 970K [0x00000000c6600000, 0x00000000c8d00000, 0x00000000ecd00000)
  object space 39936K, 2% used [0x00000000c6600000,0x00000000c66f28c0,0x00000000c8d00000)
 Metaspace       used 8958K, capacity 9090K, committed 9344K, reserved 1056768K
  class space    used 1082K, capacity 1107K, committed 1152K, reserved 1048576K
Event: 1,589 GC heap after
Heap after GC invocations=3 (full 0):
 PSYoungGen      total 17408K, used 2036K [0x00000000ecd00000, 0x00000000eef00000, 0x0000000100000000)
  eden space 15360K, 0% used [0x00000000ecd00000,0x00000000ecd00000,0x00000000edc00000)
  from space 2048K, 99% used [0x00000000edc00000,0x00000000eddfd2f0,0x00000000ede00000)
  to   space 2048K, 0% used [0x00000000eed00000,0x00000000eed00000,0x00000000eef00000)
 ParOldGen       total 39936K, used 1798K [0x00000000c6600000, 0x00000000c8d00000, 0x00000000ecd00000)
  object space 39936K, 4% used [0x00000000c6600000,0x00000000c67c1b80,0x00000000c8d00000)
 Metaspace       used 8958K, capacity 9090K, committed 9344K, reserved 1056768K
  class space    used 1082K, capacity 1107K, committed 1152K, reserved 1048576K
}
Event: 1,926 GC heap before
{Heap before GC invocations=4 (full 0):
 PSYoungGen      total 17408K, used 17396K [0x00000000ecd00000, 0x00000000eef00000, 0x0000000100000000)
  eden space 15360K, 100% used [0x00000000ecd00000,0x00000000edc00000,0x00000000edc00000)
  from space 2048K, 99% used [0x00000000edc00000,0x00000000eddfd2f0,0x00000000ede00000)
  to   space 2048K, 0% used [0x00000000eed00000,0x00000000eed00000,0x00000000eef00000)
 ParOldGen       total 39936K, used 1798K [0x00000000c6600000, 0x00000000c8d00000, 0x00000000ecd00000)
  object space 39936K, 4% used [0x00000000c6600000,0x00000000c67c1b80,0x00000000c8d00000)
 Metaspace       used 10957K, capacity 11042K, committed 11136K, reserved 1058816K
  class space    used 1303K, capacity 1331K, committed 1408K, reserved 1048576K
Event: 1,951 GC heap after
Heap after GC invocations=4 (full 0):
 PSYoungGen      total 32768K, used 2039K [0x00000000ecd00000, 0x00000000eef00000, 0x0000000100000000)
  eden space 30720K, 0% used [0x00000000ecd00000,0x00000000ecd00000,0x00000000eeb00000)
  from space 2048K, 99% used [0x00000000eed00000,0x00000000eeefdf20,0x00000000eef00000)
  to   space 2048K, 0% used [0x00000000eeb00000,0x00000000eeb00000,0x00000000eed00000)
 ParOldGen       total 39936K, used 3790K [0x00000000c6600000, 0x00000000c8d00000, 0x00000000ecd00000)
  object space 39936K, 9% used [0x00000000c6600000,0x00000000c69b3860,0x00000000c8d00000)
 Metaspace       used 10957K, capacity 11042K, committed 11136K, reserved 1058816K
  class space    used 1303K, capacity 1331K, committed 1408K, reserved 1048576K
}
Event: 2,523 GC heap before
{Heap before GC invocations=5 (full 0):
 PSYoungGen      total 32768K, used 32759K [0x00000000ecd00000, 0x00000000eef00000, 0x0000000100000000)
  eden space 30720K, 100% used [0x00000000ecd00000,0x00000000eeb00000,0x00000000eeb00000)
  from space 2048K, 99% used [0x00000000eed00000,0x00000000eeefdf20,0x00000000eef00000)
  to   space 2048K, 0% used [0x00000000eeb00000,0x00000000eeb00000,0x00000000eed00000)
 ParOldGen       total 39936K, used 3790K [0x00000000c6600000, 0x00000000c8d00000, 0x00000000ecd00000)
  object space 39936K, 9% used [0x00000000c6600000,0x00000000c69b3860,0x00000000c8d00000)
 Metaspace       used 15341K, capacity 15484K, committed 15744K, reserved 1062912K
  class space    used 1798K, capacity 1858K, committed 1920K, reserved 1048576K
Event: 2,531 GC heap after
Heap after GC invocations=5 (full 0):
 PSYoungGen      total 32768K, used 2023K [0x00000000ecd00000, 0x00000000f1500000, 0x0000000100000000)
  eden space 30720K, 0% used [0x00000000ecd00000,0x00000000ecd00000,0x00000000eeb00000)
  from space 2048K, 98% used [0x00000000eeb00000,0x00000000eecf9f20,0x00000000eed00000)
  to   space 6144K, 0% used [0x00000000f0f00000,0x00000000f0f00000,0x00000000f1500000)
 ParOldGen       total 39936K, used 7862K [0x00000000c6600000, 0x00000000c8d00000, 0x00000000ecd00000)
  object space 39936K, 19% used [0x00000000c6600000,0x00000000c6dadba8,0x00000000c8d00000)
 Metaspace       used 15341K, capacity 15484K, committed 15744K, reserved 1062912K
  class space    used 1798K, capacity 1858K, committed 1920K, reserved 1048576K
}
Event: 3,128 GC heap before
{Heap before GC invocations=6 (full 0):
 PSYoungGen      total 32768K, used 32743K [0x00000000ecd00000, 0x00000000f1500000, 0x0000000100000000)
  eden space 30720K, 100% used [0x00000000ecd00000,0x00000000eeb00000,0x00000000eeb00000)
  from space 2048K, 98% used [0x00000000eeb00000,0x00000000eecf9f20,0x00000000eed00000)
  to   space 6144K, 0% used [0x00000000f0f00000,0x00000000f0f00000,0x00000000f1500000)
 ParOldGen       total 39936K, used 7862K [0x00000000c6600000, 0x00000000c8d00000, 0x00000000ecd00000)
  object space 39936K, 19% used [0x00000000c6600000,0x00000000c6dadba8,0x00000000c8d00000)
 Metaspace       used 17628K, capacity 17796K, committed 18048K, reserved 1064960K
  class space    used 2063K, capacity 2126K, committed 2176K, reserved 1048576K
Event: 3,155 GC heap after
Heap after GC invocations=6 (full 0):
 PSYoungGen      total 67072K, used 5049K [0x00000000ecd00000, 0x00000000f1600000, 0x0000000100000000)
  eden space 60928K, 0% used [0x00000000ecd00000,0x00000000ecd00000,0x00000000f0880000)
  from space 6144K, 82% used [0x00000000f0f00000,0x00000000f13ee518,0x00000000f1500000)
  to   space 6656K, 0% used [0x00000000f0880000,0x00000000f0880000,0x00000000f0f00000)
 ParOldGen       total 39936K, used 7862K [0x00000000c6600000, 0x00000000c8d00000, 0x00000000ecd00000)
  object space 39936K, 19% used [0x00000000c6600000,0x00000000c6dadba8,0x00000000c8d00000)
 Metaspace       used 17628K, capacity 17796K, committed 18048K, reserved 1064960K
  class space    used 2063K, capacity 2126K, committed 2176K, reserved 1048576K
}
Event: 3,760 GC heap before
{Heap before GC invocations=7 (full 0):
 PSYoungGen      total 67072K, used 62427K [0x00000000ecd00000, 0x00000000f1600000, 0x0000000100000000)
  eden space 60928K, 94% used [0x00000000ecd00000,0x00000000f0508780,0x00000000f0880000)
  from space 6144K, 82% used [0x00000000f0f00000,0x00000000f13ee518,0x00000000f1500000)
  to   space 6656K, 0% used [0x00000000f0880000,0x00000000f0880000,0x00000000f0f00000)
 ParOldGen       total 39936K, used 7862K [0x00000000c6600000, 0x00000000c8d00000, 0x00000000ecd00000)
  object space 39936K, 19% used [0x00000000c6600000,0x00000000c6dadba8,0x00000000c8d00000)
 Metaspace       used 20965K, capacity 21190K, committed 21296K, reserved 1069056K
  class space    used 2470K, capacity 2569K, committed 2608K, reserved 1048576K

